2025-02-05 23:51:22,066 - custom_handler - INFO - Приложение запущено
2025-02-06 00:13:48,071 - __main__ - INFO - Приложение запущено
2025-02-06 00:13:50,630 - __main__ - INFO - Приложение завершено
2025-02-06 00:14:37,671 - __main__ - INFO - Приложение запущено - c:\Users\roxfo\Desktop\Python\logging\Logger\LoggingV0.2\main.py:69
2025-02-06 00:14:37,675 - module_b - ERROR - Ошибка из функции B - c:\Users\roxfo\Desktop\Python\logging\Logger\LoggingV0.2\module_b.py:8
2025-02-06 00:14:37,675 - module_b - CRITICAL - Критическая ошибка в функции B - c:\Users\roxfo\Desktop\Python\logging\Logger\LoggingV0.2\module_b.py:9
2025-02-06 00:14:39,697 - __main__ - INFO - Приложение завершено - c:\Users\roxfo\Desktop\Python\logging\Logger\LoggingV0.2\main.py:85
2025-02-06 00:15:47,150 - __main__ - INFO - Приложение запущено - c:\Users\roxfo\Desktop\Python\logging\Logger\LoggingV0.2\main.py:69
2025-02-06 00:15:47,152 - module_b - ERROR - Ошибка из функции B - c:\Users\roxfo\Desktop\Python\logging\Logger\LoggingV0.2\module_b.py:8
2025-02-06 00:15:47,153 - module_b - CRITICAL - Критическая ошибка в функции B - c:\Users\roxfo\Desktop\Python\logging\Logger\LoggingV0.2\module_b.py:9
2025-02-06 00:15:49,167 - __main__ - INFO - Приложение завершено - c:\Users\roxfo\Desktop\Python\logging\Logger\LoggingV0.2\main.py:85
2025-02-06 00:17:25,153 - __main__ - INFO - Приложение запущено - c:\Users\roxfo\Desktop\Python\logging\Logger\LoggingV0.2\main.py:69
2025-02-06 00:17:25,157 - module_b - ERROR - Ошибка из функции B - c:\Users\roxfo\Desktop\Python\logging\Logger\LoggingV0.2\module_b.py:8
2025-02-06 00:17:25,158 - module_b - CRITICAL - Критическая ошибка в функции B - c:\Users\roxfo\Desktop\Python\logging\Logger\LoggingV0.2\module_b.py:9
2025-02-06 00:17:27,178 - __main__ - INFO - Приложение завершено - c:\Users\roxfo\Desktop\Python\logging\Logger\LoggingV0.2\main.py:85
2025-02-06 21:17:44,298 - __main__ - INFO - Приложение запущено - c:\Users\roxfo\Desktop\Python\logging\Logger\LoggingV0.2\main.py:69
2025-02-06 21:17:44,300 - module_b - ERROR - Ошибка из функции B - c:\Users\roxfo\Desktop\Python\logging\Logger\LoggingV0.2\module_b.py:8
2025-02-06 21:17:44,300 - module_b - CRITICAL - Критическая ошибка в функции B - c:\Users\roxfo\Desktop\Python\logging\Logger\LoggingV0.2\module_b.py:9
2025-02-06 21:17:46,313 - __main__ - INFO - Приложение завершено - c:\Users\roxfo\Desktop\Python\logging\Logger\LoggingV0.2\main.py:85
2025-02-06 21:22:31,823 - __main__ - INFO - Приложение запущено - c:\Users\roxfo\Desktop\Python\logging\Logger\LoggingV0.2\main.py:71
2025-02-06 21:22:31,824 - module_b - ERROR - Ошибка из функции B - c:\Users\roxfo\Desktop\Python\logging\Logger\LoggingV0.2\module_b.py:8
2025-02-06 21:22:31,824 - module_b - CRITICAL - Критическая ошибка в функции B - c:\Users\roxfo\Desktop\Python\logging\Logger\LoggingV0.2\module_b.py:9
2025-02-06 21:22:33,841 - __main__ - INFO - Приложение завершено - c:\Users\roxfo\Desktop\Python\logging\Logger\LoggingV0.2\main.py:87
2025-02-06 21:23:33,301 - __main__ - INFO - Приложение запущено - c:\Users\roxfo\Desktop\Python\logging\Logger\LoggingV0.2\main.py:71
2025-02-06 21:23:33,303 - module_b - ERROR - Ошибка из функции B - c:\Users\roxfo\Desktop\Python\logging\Logger\LoggingV0.2\module_b.py:8
2025-02-06 21:23:33,303 - module_b - CRITICAL - Критическая ошибка в функции B - c:\Users\roxfo\Desktop\Python\logging\Logger\LoggingV0.2\module_b.py:9
